2012/10/21 07:53:06 [error] [exception.CHttpException.403] exception 'CHttpException' with message 'You are not allowed to access this page.' in /Applications/XAMPP/xamppfiles/htdocs/Tech-Eval/yii/framework/gii/GiiModule.php:169
Stack trace:
#0 /Applications/XAMPP/xamppfiles/htdocs/Tech-Eval/yii/framework/web/CController.php(264): GiiModule->beforeControllerAction(Object(DefaultController), Object(CInlineAction))
#1 /Applications/XAMPP/xamppfiles/htdocs/Tech-Eval/yii/framework/web/CWebApplication.php(283): CController->run('')
#2 /Applications/XAMPP/xamppfiles/htdocs/Tech-Eval/yii/framework/web/CWebApplication.php(142): CWebApplication->runController('gii')
#3 /Applications/XAMPP/xamppfiles/htdocs/Tech-Eval/yii/framework/base/CApplication.php(162): CWebApplication->processRequest()
#4 /Applications/XAMPP/xamppfiles/htdocs/Tech-Eval/techeval/index.php(13): CApplication->run()
#5 {main}
REQUEST_URI=/Tech-Eval/techeval/index.php?r=gii
---
2012/10/21 20:47:58 [error] [exception.CException] exception 'CException' with message 'Property "CWebUser.bootstrap" is not defined.' in /Applications/XAMPP/xamppfiles/htdocs/Tech-Eval/yii/framework/base/CComponent.php:174
Stack trace:
#0 /Applications/XAMPP/xamppfiles/htdocs/Tech-Eval/yii/framework/web/auth/CWebUser.php(155): CComponent->__set('bootstrap', Array)
#1 /Applications/XAMPP/xamppfiles/htdocs/Tech-Eval/yii/framework/YiiBase.php(222): CWebUser->__set('bootstrap', Array)
#2 /Applications/XAMPP/xamppfiles/htdocs/Tech-Eval/yii/framework/base/CModule.php(387): YiiBase::createComponent(Array)
#3 /Applications/XAMPP/xamppfiles/htdocs/Tech-Eval/yii/framework/base/CModule.php(104): CModule->getComponent('user')
#4 /Applications/XAMPP/xamppfiles/htdocs/Tech-Eval/techeval/protected/views/layouts/main.php(35): CModule->__get('user')
#5 /Applications/XAMPP/xamppfiles/htdocs/Tech-Eval/yii/framework/web/CBaseController.php(127): require('/Applications/X...')
#6 /Applications/XAMPP/xamppfiles/htdocs/Tech-Eval/yii/framework/web/CBaseController.php(96): CBaseController->renderInternal('/Applications/X...', Array, true)
#7 /Applications/XAMPP/xamppfiles/htdocs/Tech-Eval/yii/framework/web/widgets/CContentDecorator.php(77): CBaseController->renderFile('/Applications/X...', Array, true)
#8 /Applications/XAMPP/xamppfiles/htdocs/Tech-Eval/yii/framework/web/widgets/CContentDecorator.php(55): CContentDecorator->decorate('<div id="conten...')
#9 /Applications/XAMPP/xamppfiles/htdocs/Tech-Eval/yii/framework/web/widgets/COutputProcessor.php(45): CContentDecorator->processOutput('<div id="conten...')
#10 /Applications/XAMPP/xamppfiles/htdocs/Tech-Eval/yii/framework/web/CBaseController.php(207): COutputProcessor->run()
#11 /Applications/XAMPP/xamppfiles/htdocs/Tech-Eval/yii/framework/web/CBaseController.php(301): CBaseController->endWidget('CContentDecorat...')
#12 /Applications/XAMPP/xamppfiles/htdocs/Tech-Eval/techeval/protected/views/layouts/column1.php(6): CBaseController->endContent()
#13 /Applications/XAMPP/xamppfiles/htdocs/Tech-Eval/yii/framework/web/CBaseController.php(127): require('/Applications/X...')
#14 /Applications/XAMPP/xamppfiles/htdocs/Tech-Eval/yii/framework/web/CBaseController.php(96): CBaseController->renderInternal('/Applications/X...', Array, true)
#15 /Applications/XAMPP/xamppfiles/htdocs/Tech-Eval/yii/framework/web/CController.php(785): CBaseController->renderFile('/Applications/X...', Array, true)
#16 /Applications/XAMPP/xamppfiles/htdocs/Tech-Eval/techeval/protected/controllers/SiteController.php(32): CController->render('index')
#17 /Applications/XAMPP/xamppfiles/htdocs/Tech-Eval/yii/framework/web/actions/CInlineAction.php(50): SiteController->actionIndex()
#18 /Applications/XAMPP/xamppfiles/htdocs/Tech-Eval/yii/framework/web/CController.php(309): CInlineAction->runWithParams(Array)
#19 /Applications/XAMPP/xamppfiles/htdocs/Tech-Eval/yii/framework/web/CController.php(287): CController->runAction(Object(CInlineAction))
#20 /Applications/XAMPP/xamppfiles/htdocs/Tech-Eval/yii/framework/web/CController.php(266): CController->runActionWithFilters(Object(CInlineAction), Array)
#21 /Applications/XAMPP/xamppfiles/htdocs/Tech-Eval/yii/framework/web/CWebApplication.php(283): CController->run('')
#22 /Applications/XAMPP/xamppfiles/htdocs/Tech-Eval/yii/framework/web/CWebApplication.php(142): CWebApplication->runController('')
#23 /Applications/XAMPP/xamppfiles/htdocs/Tech-Eval/yii/framework/base/CApplication.php(162): CWebApplication->processRequest()
#24 /Applications/XAMPP/xamppfiles/htdocs/Tech-Eval/techeval/index.php(13): CApplication->run()
#25 {main}
REQUEST_URI=/Tech-Eval/techeval/
HTTP_REFERER=http://localhost/Tech-Eval/
---
2012/10/21 20:48:26 [error] [exception.CException] exception 'CException' with message 'Property "CWebUser.bootstrap" is not defined.' in /Applications/XAMPP/xamppfiles/htdocs/Tech-Eval/yii/framework/base/CComponent.php:174
Stack trace:
#0 /Applications/XAMPP/xamppfiles/htdocs/Tech-Eval/yii/framework/web/auth/CWebUser.php(155): CComponent->__set('bootstrap', Array)
#1 /Applications/XAMPP/xamppfiles/htdocs/Tech-Eval/yii/framework/YiiBase.php(222): CWebUser->__set('bootstrap', Array)
#2 /Applications/XAMPP/xamppfiles/htdocs/Tech-Eval/yii/framework/base/CModule.php(387): YiiBase::createComponent(Array)
#3 /Applications/XAMPP/xamppfiles/htdocs/Tech-Eval/yii/framework/base/CModule.php(104): CModule->getComponent('user')
#4 /Applications/XAMPP/xamppfiles/htdocs/Tech-Eval/techeval/protected/views/layouts/main.php(35): CModule->__get('user')
#5 /Applications/XAMPP/xamppfiles/htdocs/Tech-Eval/yii/framework/web/CBaseController.php(127): require('/Applications/X...')
#6 /Applications/XAMPP/xamppfiles/htdocs/Tech-Eval/yii/framework/web/CBaseController.php(96): CBaseController->renderInternal('/Applications/X...', Array, true)
#7 /Applications/XAMPP/xamppfiles/htdocs/Tech-Eval/yii/framework/web/widgets/CContentDecorator.php(77): CBaseController->renderFile('/Applications/X...', Array, true)
#8 /Applications/XAMPP/xamppfiles/htdocs/Tech-Eval/yii/framework/web/widgets/CContentDecorator.php(55): CContentDecorator->decorate('<div id="conten...')
#9 /Applications/XAMPP/xamppfiles/htdocs/Tech-Eval/yii/framework/web/widgets/COutputProcessor.php(45): CContentDecorator->processOutput('<div id="conten...')
#10 /Applications/XAMPP/xamppfiles/htdocs/Tech-Eval/yii/framework/web/CBaseController.php(207): COutputProcessor->run()
#11 /Applications/XAMPP/xamppfiles/htdocs/Tech-Eval/yii/framework/web/CBaseController.php(301): CBaseController->endWidget('CContentDecorat...')
#12 /Applications/XAMPP/xamppfiles/htdocs/Tech-Eval/techeval/protected/views/layouts/column1.php(6): CBaseController->endContent()
#13 /Applications/XAMPP/xamppfiles/htdocs/Tech-Eval/yii/framework/web/CBaseController.php(127): require('/Applications/X...')
#14 /Applications/XAMPP/xamppfiles/htdocs/Tech-Eval/yii/framework/web/CBaseController.php(96): CBaseController->renderInternal('/Applications/X...', Array, true)
#15 /Applications/XAMPP/xamppfiles/htdocs/Tech-Eval/yii/framework/web/CController.php(785): CBaseController->renderFile('/Applications/X...', Array, true)
#16 /Applications/XAMPP/xamppfiles/htdocs/Tech-Eval/techeval/protected/controllers/SiteController.php(32): CController->render('index')
#17 /Applications/XAMPP/xamppfiles/htdocs/Tech-Eval/yii/framework/web/actions/CInlineAction.php(50): SiteController->actionIndex()
#18 /Applications/XAMPP/xamppfiles/htdocs/Tech-Eval/yii/framework/web/CController.php(309): CInlineAction->runWithParams(Array)
#19 /Applications/XAMPP/xamppfiles/htdocs/Tech-Eval/yii/framework/web/CController.php(287): CController->runAction(Object(CInlineAction))
#20 /Applications/XAMPP/xamppfiles/htdocs/Tech-Eval/yii/framework/web/CController.php(266): CController->runActionWithFilters(Object(CInlineAction), Array)
#21 /Applications/XAMPP/xamppfiles/htdocs/Tech-Eval/yii/framework/web/CWebApplication.php(283): CController->run('')
#22 /Applications/XAMPP/xamppfiles/htdocs/Tech-Eval/yii/framework/web/CWebApplication.php(142): CWebApplication->runController('')
#23 /Applications/XAMPP/xamppfiles/htdocs/Tech-Eval/yii/framework/base/CApplication.php(162): CWebApplication->processRequest()
#24 /Applications/XAMPP/xamppfiles/htdocs/Tech-Eval/techeval/index.php(13): CApplication->run()
#25 {main}
REQUEST_URI=/Tech-Eval/techeval/
HTTP_REFERER=http://localhost/Tech-Eval/
---
2012/10/21 20:54:55 [error] [exception.CException] exception 'CException' with message 'Alias "bootstrap.widgets.TbExtendedGridView" is invalid. Make sure it points to an existing directory or file.' in /Applications/XAMPP/xamppfiles/htdocs/Tech-Eval/yii/framework/YiiBase.php:343
Stack trace:
#0 /Applications/XAMPP/xamppfiles/htdocs/Tech-Eval/yii/framework/web/CWidgetFactory.php(147): YiiBase::import('bootstrap.widge...', true)
#1 /Applications/XAMPP/xamppfiles/htdocs/Tech-Eval/yii/framework/web/CBaseController.php(147): CWidgetFactory->createWidget(Object(SiteController), 'bootstrap.widge...', Array)
#2 /Applications/XAMPP/xamppfiles/htdocs/Tech-Eval/yii/framework/web/CBaseController.php(173): CBaseController->createWidget('bootstrap.widge...', Array)
#3 /Applications/XAMPP/xamppfiles/htdocs/Tech-Eval/techeval/protected/views/layouts/main.php(32): CBaseController->widget('bootstrap.widge...', Array)
#4 /Applications/XAMPP/xamppfiles/htdocs/Tech-Eval/yii/framework/web/CBaseController.php(127): require('/Applications/X...')
#5 /Applications/XAMPP/xamppfiles/htdocs/Tech-Eval/yii/framework/web/CBaseController.php(96): CBaseController->renderInternal('/Applications/X...', Array, true)
#6 /Applications/XAMPP/xamppfiles/htdocs/Tech-Eval/yii/framework/web/widgets/CContentDecorator.php(77): CBaseController->renderFile('/Applications/X...', Array, true)
#7 /Applications/XAMPP/xamppfiles/htdocs/Tech-Eval/yii/framework/web/widgets/CContentDecorator.php(55): CContentDecorator->decorate('<div id="conten...')
#8 /Applications/XAMPP/xamppfiles/htdocs/Tech-Eval/yii/framework/web/widgets/COutputProcessor.php(45): CContentDecorator->processOutput('<div id="conten...')
#9 /Applications/XAMPP/xamppfiles/htdocs/Tech-Eval/yii/framework/web/CBaseController.php(207): COutputProcessor->run()
#10 /Applications/XAMPP/xamppfiles/htdocs/Tech-Eval/yii/framework/web/CBaseController.php(301): CBaseController->endWidget('CContentDecorat...')
#11 /Applications/XAMPP/xamppfiles/htdocs/Tech-Eval/techeval/protected/views/layouts/column1.php(6): CBaseController->endContent()
#12 /Applications/XAMPP/xamppfiles/htdocs/Tech-Eval/yii/framework/web/CBaseController.php(127): require('/Applications/X...')
#13 /Applications/XAMPP/xamppfiles/htdocs/Tech-Eval/yii/framework/web/CBaseController.php(96): CBaseController->renderInternal('/Applications/X...', Array, true)
#14 /Applications/XAMPP/xamppfiles/htdocs/Tech-Eval/yii/framework/web/CController.php(785): CBaseController->renderFile('/Applications/X...', Array, true)
#15 /Applications/XAMPP/xamppfiles/htdocs/Tech-Eval/techeval/protected/controllers/SiteController.php(32): CController->render('index')
#16 /Applications/XAMPP/xamppfiles/htdocs/Tech-Eval/yii/framework/web/actions/CInlineAction.php(50): SiteController->actionIndex()
#17 /Applications/XAMPP/xamppfiles/htdocs/Tech-Eval/yii/framework/web/CController.php(309): CInlineAction->runWithParams(Array)
#18 /Applications/XAMPP/xamppfiles/htdocs/Tech-Eval/yii/framework/web/CController.php(287): CController->runAction(Object(CInlineAction))
#19 /Applications/XAMPP/xamppfiles/htdocs/Tech-Eval/yii/framework/web/CController.php(266): CController->runActionWithFilters(Object(CInlineAction), Array)
#20 /Applications/XAMPP/xamppfiles/htdocs/Tech-Eval/yii/framework/web/CWebApplication.php(283): CController->run('')
#21 /Applications/XAMPP/xamppfiles/htdocs/Tech-Eval/yii/framework/web/CWebApplication.php(142): CWebApplication->runController('')
#22 /Applications/XAMPP/xamppfiles/htdocs/Tech-Eval/yii/framework/base/CApplication.php(162): CWebApplication->processRequest()
#23 /Applications/XAMPP/xamppfiles/htdocs/Tech-Eval/techeval/index.php(13): CApplication->run()
#24 {main}
REQUEST_URI=/Tech-Eval/techeval/
---
2012/10/21 21:00:04 [error] [exception.CException] exception 'CException' with message 'The "dataProvider" property cannot be empty.' in /Applications/XAMPP/xamppfiles/htdocs/Tech-Eval/yii/framework/zii/widgets/CBaseListView.php:106
Stack trace:
#0 /Applications/XAMPP/xamppfiles/htdocs/Tech-Eval/yii/framework/zii/widgets/grid/CGridView.php(289): CBaseListView->init()
#1 /Applications/XAMPP/xamppfiles/htdocs/Tech-Eval/techeval/protected/extensions/bootstrap/widgets/TbGridView.php(48): CGridView->init()
#2 /Applications/XAMPP/xamppfiles/htdocs/Tech-Eval/techeval/protected/extensions/bootstrap/widgets/TbExtendedGridView.php(194): TbGridView->init()
#3 /Applications/XAMPP/xamppfiles/htdocs/Tech-Eval/yii/framework/web/CBaseController.php(148): TbExtendedGridView->init()
#4 /Applications/XAMPP/xamppfiles/htdocs/Tech-Eval/yii/framework/web/CBaseController.php(173): CBaseController->createWidget('bootstrap.widge...', Array)
#5 /Applications/XAMPP/xamppfiles/htdocs/Tech-Eval/techeval/protected/views/layouts/main.php(32): CBaseController->widget('bootstrap.widge...', Array)
#6 /Applications/XAMPP/xamppfiles/htdocs/Tech-Eval/yii/framework/web/CBaseController.php(127): require('/Applications/X...')
#7 /Applications/XAMPP/xamppfiles/htdocs/Tech-Eval/yii/framework/web/CBaseController.php(96): CBaseController->renderInternal('/Applications/X...', Array, true)
#8 /Applications/XAMPP/xamppfiles/htdocs/Tech-Eval/yii/framework/web/widgets/CContentDecorator.php(77): CBaseController->renderFile('/Applications/X...', Array, true)
#9 /Applications/XAMPP/xamppfiles/htdocs/Tech-Eval/yii/framework/web/widgets/CContentDecorator.php(55): CContentDecorator->decorate('<div id="conten...')
#10 /Applications/XAMPP/xamppfiles/htdocs/Tech-Eval/yii/framework/web/widgets/COutputProcessor.php(45): CContentDecorator->processOutput('<div id="conten...')
#11 /Applications/XAMPP/xamppfiles/htdocs/Tech-Eval/yii/framework/web/CBaseController.php(207): COutputProcessor->run()
#12 /Applications/XAMPP/xamppfiles/htdocs/Tech-Eval/yii/framework/web/CBaseController.php(301): CBaseController->endWidget('CContentDecorat...')
#13 /Applications/XAMPP/xamppfiles/htdocs/Tech-Eval/techeval/protected/views/layouts/column1.php(6): CBaseController->endContent()
#14 /Applications/XAMPP/xamppfiles/htdocs/Tech-Eval/yii/framework/web/CBaseController.php(127): require('/Applications/X...')
#15 /Applications/XAMPP/xamppfiles/htdocs/Tech-Eval/yii/framework/web/CBaseController.php(96): CBaseController->renderInternal('/Applications/X...', Array, true)
#16 /Applications/XAMPP/xamppfiles/htdocs/Tech-Eval/yii/framework/web/CController.php(785): CBaseController->renderFile('/Applications/X...', Array, true)
#17 /Applications/XAMPP/xamppfiles/htdocs/Tech-Eval/techeval/protected/controllers/SiteController.php(32): CController->render('index')
#18 /Applications/XAMPP/xamppfiles/htdocs/Tech-Eval/yii/framework/web/actions/CInlineAction.php(50): SiteController->actionIndex()
#19 /Applications/XAMPP/xamppfiles/htdocs/Tech-Eval/yii/framework/web/CController.php(309): CInlineAction->runWithParams(Array)
#20 /Applications/XAMPP/xamppfiles/htdocs/Tech-Eval/yii/framework/web/CController.php(287): CController->runAction(Object(CInlineAction))
#21 /Applications/XAMPP/xamppfiles/htdocs/Tech-Eval/yii/framework/web/CController.php(266): CController->runActionWithFilters(Object(CInlineAction), Array)
#22 /Applications/XAMPP/xamppfiles/htdocs/Tech-Eval/yii/framework/web/CWebApplication.php(283): CController->run('')
#23 /Applications/XAMPP/xamppfiles/htdocs/Tech-Eval/yii/framework/web/CWebApplication.php(142): CWebApplication->runController('')
#24 /Applications/XAMPP/xamppfiles/htdocs/Tech-Eval/yii/framework/base/CApplication.php(162): CWebApplication->processRequest()
#25 /Applications/XAMPP/xamppfiles/htdocs/Tech-Eval/techeval/index.php(13): CApplication->run()
#26 {main}
REQUEST_URI=/Tech-Eval/techeval/
---
2012/10/21 21:56:08 [error] [exception.CHttpException.404] exception 'CHttpException' with message 'Unable to resolve the request "stats".' in /Applications/XAMPP/xamppfiles/htdocs/Tech-Eval/yii/framework/web/CWebApplication.php:287
Stack trace:
#0 /Applications/XAMPP/xamppfiles/htdocs/Tech-Eval/yii/framework/web/CWebApplication.php(142): CWebApplication->runController('stats')
#1 /Applications/XAMPP/xamppfiles/htdocs/Tech-Eval/yii/framework/base/CApplication.php(162): CWebApplication->processRequest()
#2 /Applications/XAMPP/xamppfiles/htdocs/Tech-Eval/techeval/index.php(13): CApplication->run()
#3 {main}
REQUEST_URI=/Tech-Eval/techeval/?r=stats
HTTP_REFERER=http://localhost/Tech-Eval/techeval/
---
2012/10/21 21:59:01 [error] [exception.CHttpException.404] exception 'CHttpException' with message 'Unable to resolve the request "stats".' in /Applications/XAMPP/xamppfiles/htdocs/Tech-Eval/yii/framework/web/CWebApplication.php:287
Stack trace:
#0 /Applications/XAMPP/xamppfiles/htdocs/Tech-Eval/yii/framework/web/CWebApplication.php(142): CWebApplication->runController('stats')
#1 /Applications/XAMPP/xamppfiles/htdocs/Tech-Eval/yii/framework/base/CApplication.php(162): CWebApplication->processRequest()
#2 /Applications/XAMPP/xamppfiles/htdocs/Tech-Eval/techeval/index.php(13): CApplication->run()
#3 {main}
REQUEST_URI=/Tech-Eval/techeval/?r=stats
HTTP_REFERER=http://localhost/Tech-Eval/techeval/?r=site
---
2012/10/21 21:59:54 [error] [exception.CHttpException.404] exception 'CHttpException' with message 'Unable to resolve the request "stats".' in /Applications/XAMPP/xamppfiles/htdocs/Tech-Eval/yii/framework/web/CWebApplication.php:287
Stack trace:
#0 /Applications/XAMPP/xamppfiles/htdocs/Tech-Eval/yii/framework/web/CWebApplication.php(142): CWebApplication->runController('stats')
#1 /Applications/XAMPP/xamppfiles/htdocs/Tech-Eval/yii/framework/base/CApplication.php(162): CWebApplication->processRequest()
#2 /Applications/XAMPP/xamppfiles/htdocs/Tech-Eval/techeval/index.php(13): CApplication->run()
#3 {main}
REQUEST_URI=/Tech-Eval/techeval/?r=stats
HTTP_REFERER=http://localhost/Tech-Eval/techeval/?r=site
---
2012/10/21 22:19:35 [error] [exception.CHttpException.404] exception 'CHttpException' with message 'Unable to resolve the request "stats".' in /Applications/XAMPP/xamppfiles/htdocs/Tech-Eval/yii/framework/web/CWebApplication.php:287
Stack trace:
#0 /Applications/XAMPP/xamppfiles/htdocs/Tech-Eval/yii/framework/web/CWebApplication.php(142): CWebApplication->runController('stats')
#1 /Applications/XAMPP/xamppfiles/htdocs/Tech-Eval/yii/framework/base/CApplication.php(162): CWebApplication->processRequest()
#2 /Applications/XAMPP/xamppfiles/htdocs/Tech-Eval/techeval/index.php(13): CApplication->run()
#3 {main}
REQUEST_URI=/Tech-Eval/techeval/index.php?r=stats
HTTP_REFERER=http://localhost/Tech-Eval/techeval/index.php?r=site
---
